<?xml version="1.0" encoding="UTF-8"?>
<!-- Generated by org.testng.reporters.JUnitXMLReporter -->
<testsuite ignored="0" hostname="Nawaz-Laptop" failures="0" tests="2" name="Validating User login" time="7.286" errors="0" timestamp="2022-03-07T16:12:44 IST">
  <testcase classname="Academy.HomePage" name="@BeforeTest initialize" time="7.181">
    <failure type="org.openqa.selenium.SessionNotCreatedException" message="session not created: This version of ChromeDriver only supports Chrome version 97
Current browser version is 99.0.4844.51 with binary path C:\Program Files\Google\Chrome\Application\chrome.exe
Build info: version: &amp;apos;3.141.59&amp;apos;, revision: &amp;apos;e82be7d358&amp;apos;, time: &amp;apos;2018-11-14T08:17:03&amp;apos;
System info: host: &amp;apos;NAWAZ-LAPTOP&amp;apos;, ip: &amp;apos;192.168.1.104&amp;apos;, os.name: &amp;apos;Windows 10&amp;apos;, os.arch: &amp;apos;amd64&amp;apos;, os.version: &amp;apos;10.0&amp;apos;, java.version: &amp;apos;17.0.2&amp;apos;
Driver info: driver.version: ChromeDriver
remote stacktrace: Backtrace:
	Ordinal0 [0x0101FDC3+2555331]
	Ordinal0 [0x00FB77F1+2127857]
	Ordinal0 [0x00EB2E08+1060360]
	Ordinal0 [0x00ED19CA+1186250]
	Ordinal0 [0x00ECD825+1169445]
	Ordinal0 [0x00ECAFC1+1159105]
	Ordinal0 [0x00EFC22F+1360431]
	Ordinal0 [0x00EFBE9A+1359514]
	Ordinal0 [0x00EF7976+1341814]
	Ordinal0 [0x00ED36B6+1193654]
	Ordinal0 [0x00ED4546+1197382]
	GetHandleVerifier [0x011B9622+1619522]
	GetHandleVerifier [0x0126882C+2336844]
	GetHandleVerifier [0x010B23E1+541697]
	GetHandleVerifier [0x010B1443+537699]
	Ordinal0 [0x00FBD18E+2150798]
	Ordinal0 [0x00FC1518+2168088]
	Ordinal0 [0x00FC1660+2168416]
	Ordinal0 [0x00FCB330+2208560]
	BaseThreadInitThunk [0x7783FA29+25]
	RtlGetAppContainerNamedObjectPath [0x77A17A9E+286]
	RtlGetAppContainerNamedObjectPath [0x77A17A6E+238]
">
      <![CDATA[org.openqa.selenium.SessionNotCreatedException: session not created: This version of ChromeDriver only supports Chrome version 97
Current browser version is 99.0.4844.51 with binary path C:\Program Files\Google\Chrome\Application\chrome.exe
Build info: version: '3.141.59', revision: 'e82be7d358', time: '2018-11-14T08:17:03'
System info: host: 'NAWAZ-LAPTOP', ip: '192.168.1.104', os.name: 'Windows 10', os.arch: 'amd64', os.version: '10.0', java.version: '17.0.2'
Driver info: driver.version: ChromeDriver
remote stacktrace: Backtrace:
Ordinal0 [0x0101FDC3+2555331]
Ordinal0 [0x00FB77F1+2127857]
Ordinal0 [0x00EB2E08+1060360]
Ordinal0 [0x00ED19CA+1186250]
Ordinal0 [0x00ECD825+1169445]
Ordinal0 [0x00ECAFC1+1159105]
Ordinal0 [0x00EFC22F+1360431]
Ordinal0 [0x00EFBE9A+1359514]
Ordinal0 [0x00EF7976+1341814]
Ordinal0 [0x00ED36B6+1193654]
Ordinal0 [0x00ED4546+1197382]
GetHandleVerifier [0x011B9622+1619522]
GetHandleVerifier [0x0126882C+2336844]
GetHandleVerifier [0x010B23E1+541697]
GetHandleVerifier [0x010B1443+537699]
Ordinal0 [0x00FBD18E+2150798]
Ordinal0 [0x00FC1518+2168088]
Ordinal0 [0x00FC1660+2168416]
Ordinal0 [0x00FCB330+2208560]
BaseThreadInitThunk [0x7783FA29+25]
RtlGetAppContainerNamedObjectPath [0x77A17A9E+286]
RtlGetAppContainerNamedObjectPath [0x77A17A6E+238]

at org.openqa.selenium.remote.W3CHandshakeResponse.lambda$errorHandler$0(W3CHandshakeResponse.java:62)
at org.openqa.selenium.remote.HandshakeResponse.lambda$getResponseFunction$0(HandshakeResponse.java:30)
at org.openqa.selenium.remote.ProtocolHandshake.lambda$createSession$0(ProtocolHandshake.java:126)
at java.base/java.util.stream.ReferencePipeline$3$1.accept(ReferencePipeline.java:197)
at java.base/java.util.Spliterators$ArraySpliterator.tryAdvance(Spliterators.java:1002)
at java.base/java.util.stream.ReferencePipeline.forEachWithCancel(ReferencePipeline.java:129)
at java.base/java.util.stream.AbstractPipeline.copyIntoWithCancel(AbstractPipeline.java:527)
at java.base/java.util.stream.AbstractPipeline.copyInto(AbstractPipeline.java:513)
at java.base/java.util.stream.AbstractPipeline.wrapAndCopyInto(AbstractPipeline.java:499)
at java.base/java.util.stream.FindOps$FindOp.evaluateSequential(FindOps.java:150)
at java.base/java.util.stream.AbstractPipeline.evaluate(AbstractPipeline.java:234)
at java.base/java.util.stream.ReferencePipeline.findFirst(ReferencePipeline.java:647)
at org.openqa.selenium.remote.ProtocolHandshake.createSession(ProtocolHandshake.java:128)
at org.openqa.selenium.remote.ProtocolHandshake.createSession(ProtocolHandshake.java:74)
at org.openqa.selenium.remote.HttpCommandExecutor.execute(HttpCommandExecutor.java:136)
at org.openqa.selenium.remote.service.DriverCommandExecutor.execute(DriverCommandExecutor.java:83)
at org.openqa.selenium.remote.RemoteWebDriver.execute(RemoteWebDriver.java:552)
at org.openqa.selenium.remote.RemoteWebDriver.startSession(RemoteWebDriver.java:213)
at org.openqa.selenium.remote.RemoteWebDriver.<init>(RemoteWebDriver.java:131)
at org.openqa.selenium.chrome.ChromeDriver.<init>(ChromeDriver.java:181)
at org.openqa.selenium.chrome.ChromeDriver.<init>(ChromeDriver.java:168)
at org.openqa.selenium.chrome.ChromeDriver.<init>(ChromeDriver.java:123)
at resources.base.initializeDriver(base.java:32)
at Academy.HomePage.initialize(HomePage.java:28)
... Removed 29 stack frames]]>
    </failure>
  </testcase> <!-- @BeforeTest initialize -->
  <testcase classname="Academy.HomePage" name="@AfterTest teardown" time="-1.646649764445E9">
    <skipped/>
  </testcase> <!-- @AfterTest teardown -->
  <testcase classname="Academy.HomePage" name="basePageNavigation" time="0.0">
    <skipped/>
  </testcase> <!-- basePageNavigation -->
  <testcase classname="Academy.HomePage" name="basePageNavigation" time="0.0">
    <skipped/>
  </testcase> <!-- basePageNavigation -->
</testsuite> <!-- Validating User login -->
