<!DOCTYPE html PUBLIC "-//W3C//DTD XHTML 1.1//EN" "https://www.w3.org/TR/xhtml11/DTD/xhtml11.dtd">
<html xmlns="https://www.w3.org/1999/xhtml">
<head>
<meta http-equiv="content-type" content="text/html; charset=UTF-8"/>
<title>TestNG Report</title>
<style type="text/css">table {margin-bottom:10px;border-collapse:collapse;empty-cells:show}th,td {border:1px solid #009;padding:.25em .5em}th {vertical-align:bottom}td {vertical-align:top}table a {font-weight:bold}.stripe td {background-color: #E6EBF9}.num {text-align:right}.passedodd td {background-color: #3F3}.passedeven td {background-color: #0A0}.skippedodd td {background-color: #DDD}.skippedeven td {background-color: #CCC}.failedodd td,.attn {background-color: #F33}.failedeven td,.stripe .attn {background-color: #D00}.stacktrace {white-space:pre;font-family:monospace}.totop {font-size:85%;text-align:center;border-bottom:2px solid #000}.invisible {display:none}</style>
</head>
<body>
<table>
<tr><th>Test</th><th># Passed</th><th># Skipped</th><th># Retried</th><th># Failed</th><th>Time (ms)</th><th>Included Groups</th><th>Excluded Groups</th></tr>
<tr><th colspan="8">Suite</th></tr>
<tr><td><a href="#t0">Validating User login</a></td><td class="num">0</td><td class="num attn">2</td><td class="num">0</td><td class="num">0</td><td class="num">7,286</td><td></td><td></td></tr>
<tr class="stripe"><td><a href="#t1">Validating title in the Page</a></td><td class="num">0</td><td class="num attn">1</td><td class="num">0</td><td class="num">0</td><td class="num">2,663</td><td></td><td></td></tr>
<tr><td><a href="#t2">App Testing</a></td><td class="num">0</td><td class="num">0</td><td class="num">0</td><td class="num">0</td><td class="num">3</td><td></td><td></td></tr>
<tr class="stripe"><td><a href="#t3">Validating navigation Bar</a></td><td class="num">0</td><td class="num attn">1</td><td class="num">0</td><td class="num">0</td><td class="num">1,959</td><td></td><td></td></tr>
<tr><th>Total</th><th class="num">0</th><th class="num attn">4</th><th class="num">0</th><th class="num">0</th><th class="num">11,911</th><th colspan="2"></th></tr>
</table>
<table id='summary'><thead><tr><th>Class</th><th>Method</th><th>Start</th><th>Time (ms)</th></tr></thead><tbody><tr><th colspan="4">Suite</th></tr></tbody><tbody id="t0"><tr><th colspan="4">Validating User login &#8212; failed (configuration methods)</th></tr><tr class="failedeven"><td rowspan="1">Academy.HomePage</td><td><a href="#m0">initialize</a></td><td rowspan="1">1646649757166</td><td rowspan="1">7181</td></tr><tr><th colspan="4">Validating User login &#8212; skipped (configuration methods)</th></tr><tr class="skippedeven"><td rowspan="1">Academy.HomePage</td><td><a href="#m1">teardown</a></td><td rowspan="1">1646649764445</td><td rowspan="1">-1646649764445</td></tr><tr><th colspan="4">Validating User login &#8212; skipped</th></tr><tr class="skippedeven"><td rowspan="2">Academy.HomePage</td><td><a href="#m2">basePageNavigation</a></td><td rowspan="2">1646649764408</td><td rowspan="2">0</td></tr><tr class="skippedeven"><td><a href="#m3">basePageNavigation</a></td></tr></tbody>
<tbody id="t1"><tr><th colspan="4">Validating title in the Page &#8212; failed (configuration methods)</th></tr><tr class="failedeven"><td rowspan="1">Academy.validateTitle</td><td><a href="#m4">initialize</a></td><td rowspan="1">1646649765238</td><td rowspan="1">2626</td></tr><tr><th colspan="4">Validating title in the Page &#8212; skipped (configuration methods)</th></tr><tr class="skippedeven"><td rowspan="1">Academy.validateTitle</td><td><a href="#m5">teardown</a></td><td rowspan="1">1646649767890</td><td rowspan="1">-1646649767890</td></tr><tr><th colspan="4">Validating title in the Page &#8212; skipped</th></tr><tr class="skippedeven"><td rowspan="1">Academy.validateTitle</td><td><a href="#m6">validateAppTitle</a></td><td rowspan="1">1646649767879</td><td rowspan="1">0</td></tr></tbody>
<tbody id="t2"><tr><th colspan="4" class="invisible"/></tr></tbody>
<tbody id="t3"><tr><th colspan="4">Validating navigation Bar &#8212; failed (configuration methods)</th></tr><tr class="failedeven"><td rowspan="1">Academy.validateNavigationBar</td><td><a href="#m7">initialize</a></td><td rowspan="1">1646649768024</td><td rowspan="1">1915</td></tr><tr><th colspan="4">Validating navigation Bar &#8212; skipped (configuration methods)</th></tr><tr class="skippedeven"><td rowspan="1">Academy.validateNavigationBar</td><td><a href="#m8">teardown</a></td><td rowspan="1">1646649769975</td><td rowspan="1">-1646649769975</td></tr><tr><th colspan="4">Validating navigation Bar &#8212; skipped</th></tr><tr class="skippedeven"><td rowspan="1">Academy.validateNavigationBar</td><td><a href="#m9">validateAppNavBar</a></td><td rowspan="1">1646649769965</td><td rowspan="1">0</td></tr></tbody>
</table>
<h2>Validating User login</h2><h3 id="m0">Academy.HomePage#initialize</h3><table class="result"><tr><th>Exception</th></tr><tr><td><div class="stacktrace">org.openqa.selenium.SessionNotCreatedException: session not created: This version of ChromeDriver only supports Chrome version 97
Current browser version is 99.0.4844.51 with binary path C:\Program Files\Google\Chrome\Application\chrome.exe
Build info: version: &apos;3.141.59&apos;, revision: &apos;e82be7d358&apos;, time: &apos;2018-11-14T08:17:03&apos;
System info: host: &apos;NAWAZ-LAPTOP&apos;, ip: &apos;192.168.1.104&apos;, os.name: &apos;Windows 10&apos;, os.arch: &apos;amd64&apos;, os.version: &apos;10.0&apos;, java.version: &apos;17.0.2&apos;
Driver info: driver.version: ChromeDriver
remote stacktrace: Backtrace:
	Ordinal0 [0x0101FDC3+2555331]
	Ordinal0 [0x00FB77F1+2127857]
	Ordinal0 [0x00EB2E08+1060360]
	Ordinal0 [0x00ED19CA+1186250]
	Ordinal0 [0x00ECD825+1169445]
	Ordinal0 [0x00ECAFC1+1159105]
	Ordinal0 [0x00EFC22F+1360431]
	Ordinal0 [0x00EFBE9A+1359514]
	Ordinal0 [0x00EF7976+1341814]
	Ordinal0 [0x00ED36B6+1193654]
	Ordinal0 [0x00ED4546+1197382]
	GetHandleVerifier [0x011B9622+1619522]
	GetHandleVerifier [0x0126882C+2336844]
	GetHandleVerifier [0x010B23E1+541697]
	GetHandleVerifier [0x010B1443+537699]
	Ordinal0 [0x00FBD18E+2150798]
	Ordinal0 [0x00FC1518+2168088]
	Ordinal0 [0x00FC1660+2168416]
	Ordinal0 [0x00FCB330+2208560]
	BaseThreadInitThunk [0x7783FA29+25]
	RtlGetAppContainerNamedObjectPath [0x77A17A9E+286]
	RtlGetAppContainerNamedObjectPath [0x77A17A6E+238]

	at org.openqa.selenium.remote.W3CHandshakeResponse.lambda$errorHandler$0(W3CHandshakeResponse.java:62)
	at org.openqa.selenium.remote.HandshakeResponse.lambda$getResponseFunction$0(HandshakeResponse.java:30)
	at org.openqa.selenium.remote.ProtocolHandshake.lambda$createSession$0(ProtocolHandshake.java:126)
	at java.base/java.util.stream.ReferencePipeline$3$1.accept(ReferencePipeline.java:197)
	at java.base/java.util.Spliterators$ArraySpliterator.tryAdvance(Spliterators.java:1002)
	at java.base/java.util.stream.ReferencePipeline.forEachWithCancel(ReferencePipeline.java:129)
	at java.base/java.util.stream.AbstractPipeline.copyIntoWithCancel(AbstractPipeline.java:527)
	at java.base/java.util.stream.AbstractPipeline.copyInto(AbstractPipeline.java:513)
	at java.base/java.util.stream.AbstractPipeline.wrapAndCopyInto(AbstractPipeline.java:499)
	at java.base/java.util.stream.FindOps$FindOp.evaluateSequential(FindOps.java:150)
	at java.base/java.util.stream.AbstractPipeline.evaluate(AbstractPipeline.java:234)
	at java.base/java.util.stream.ReferencePipeline.findFirst(ReferencePipeline.java:647)
	at org.openqa.selenium.remote.ProtocolHandshake.createSession(ProtocolHandshake.java:128)
	at org.openqa.selenium.remote.ProtocolHandshake.createSession(ProtocolHandshake.java:74)
	at org.openqa.selenium.remote.HttpCommandExecutor.execute(HttpCommandExecutor.java:136)
	at org.openqa.selenium.remote.service.DriverCommandExecutor.execute(DriverCommandExecutor.java:83)
	at org.openqa.selenium.remote.RemoteWebDriver.execute(RemoteWebDriver.java:552)
	at org.openqa.selenium.remote.RemoteWebDriver.startSession(RemoteWebDriver.java:213)
	at org.openqa.selenium.remote.RemoteWebDriver.&lt;init&gt;(RemoteWebDriver.java:131)
	at org.openqa.selenium.chrome.ChromeDriver.&lt;init&gt;(ChromeDriver.java:181)
	at org.openqa.selenium.chrome.ChromeDriver.&lt;init&gt;(ChromeDriver.java:168)
	at org.openqa.selenium.chrome.ChromeDriver.&lt;init&gt;(ChromeDriver.java:123)
	at resources.base.initializeDriver(base.java:32)
	at Academy.HomePage.initialize(HomePage.java:28)
... Removed 29 stack frames</div></td></tr></table><p class="totop"><a href="#summary">back to summary</a></p>
<h3 id="m1">Academy.HomePage#teardown</h3><table class="result"><tr><th class="invisible"/></tr></table><p class="totop"><a href="#summary">back to summary</a></p>
<h3 id="m2">Academy.HomePage#basePageNavigation</h3><table class="result"><tr class="param"><th>Parameter #1</th><th>Parameter #2</th><th>Parameter #3</th></tr><tr class="param stripe"><td>nonrestricteduser@qw.com</td><td>123456</td><td>Restrcited User</td></tr><tr><th colspan="3">Exception</th></tr><tr><td colspan="3"><div class="stacktrace">org.openqa.selenium.SessionNotCreatedException: session not created: This version of ChromeDriver only supports Chrome version 97
Current browser version is 99.0.4844.51 with binary path C:\Program Files\Google\Chrome\Application\chrome.exe
Build info: version: &apos;3.141.59&apos;, revision: &apos;e82be7d358&apos;, time: &apos;2018-11-14T08:17:03&apos;
System info: host: &apos;NAWAZ-LAPTOP&apos;, ip: &apos;192.168.1.104&apos;, os.name: &apos;Windows 10&apos;, os.arch: &apos;amd64&apos;, os.version: &apos;10.0&apos;, java.version: &apos;17.0.2&apos;
Driver info: driver.version: ChromeDriver
remote stacktrace: Backtrace:
	Ordinal0 [0x0101FDC3+2555331]
	Ordinal0 [0x00FB77F1+2127857]
	Ordinal0 [0x00EB2E08+1060360]
	Ordinal0 [0x00ED19CA+1186250]
	Ordinal0 [0x00ECD825+1169445]
	Ordinal0 [0x00ECAFC1+1159105]
	Ordinal0 [0x00EFC22F+1360431]
	Ordinal0 [0x00EFBE9A+1359514]
	Ordinal0 [0x00EF7976+1341814]
	Ordinal0 [0x00ED36B6+1193654]
	Ordinal0 [0x00ED4546+1197382]
	GetHandleVerifier [0x011B9622+1619522]
	GetHandleVerifier [0x0126882C+2336844]
	GetHandleVerifier [0x010B23E1+541697]
	GetHandleVerifier [0x010B1443+537699]
	Ordinal0 [0x00FBD18E+2150798]
	Ordinal0 [0x00FC1518+2168088]
	Ordinal0 [0x00FC1660+2168416]
	Ordinal0 [0x00FCB330+2208560]
	BaseThreadInitThunk [0x7783FA29+25]
	RtlGetAppContainerNamedObjectPath [0x77A17A9E+286]
	RtlGetAppContainerNamedObjectPath [0x77A17A6E+238]

	at org.openqa.selenium.remote.W3CHandshakeResponse.lambda$errorHandler$0(W3CHandshakeResponse.java:62)
	at org.openqa.selenium.remote.HandshakeResponse.lambda$getResponseFunction$0(HandshakeResponse.java:30)
	at org.openqa.selenium.remote.ProtocolHandshake.lambda$createSession$0(ProtocolHandshake.java:126)
	at java.base/java.util.stream.ReferencePipeline$3$1.accept(ReferencePipeline.java:197)
	at java.base/java.util.Spliterators$ArraySpliterator.tryAdvance(Spliterators.java:1002)
	at java.base/java.util.stream.ReferencePipeline.forEachWithCancel(ReferencePipeline.java:129)
	at java.base/java.util.stream.AbstractPipeline.copyIntoWithCancel(AbstractPipeline.java:527)
	at java.base/java.util.stream.AbstractPipeline.copyInto(AbstractPipeline.java:513)
	at java.base/java.util.stream.AbstractPipeline.wrapAndCopyInto(AbstractPipeline.java:499)
	at java.base/java.util.stream.FindOps$FindOp.evaluateSequential(FindOps.java:150)
	at java.base/java.util.stream.AbstractPipeline.evaluate(AbstractPipeline.java:234)
	at java.base/java.util.stream.ReferencePipeline.findFirst(ReferencePipeline.java:647)
	at org.openqa.selenium.remote.ProtocolHandshake.createSession(ProtocolHandshake.java:128)
	at org.openqa.selenium.remote.ProtocolHandshake.createSession(ProtocolHandshake.java:74)
	at org.openqa.selenium.remote.HttpCommandExecutor.execute(HttpCommandExecutor.java:136)
	at org.openqa.selenium.remote.service.DriverCommandExecutor.execute(DriverCommandExecutor.java:83)
	at org.openqa.selenium.remote.RemoteWebDriver.execute(RemoteWebDriver.java:552)
	at org.openqa.selenium.remote.RemoteWebDriver.startSession(RemoteWebDriver.java:213)
	at org.openqa.selenium.remote.RemoteWebDriver.&lt;init&gt;(RemoteWebDriver.java:131)
	at org.openqa.selenium.chrome.ChromeDriver.&lt;init&gt;(ChromeDriver.java:181)
	at org.openqa.selenium.chrome.ChromeDriver.&lt;init&gt;(ChromeDriver.java:168)
	at org.openqa.selenium.chrome.ChromeDriver.&lt;init&gt;(ChromeDriver.java:123)
	at resources.base.initializeDriver(base.java:32)
	at Academy.HomePage.initialize(HomePage.java:28)
... Removed 29 stack frames</div></td></tr></table><p class="totop"><a href="#summary">back to summary</a></p>
<h3 id="m3">Academy.HomePage#basePageNavigation</h3><table class="result"><tr class="param"><th>Parameter #1</th><th>Parameter #2</th><th>Parameter #3</th></tr><tr class="param stripe"><td>restricteduser@qw.com</td><td>456788</td><td>Non restricted user</td></tr><tr><th colspan="3">Exception</th></tr><tr><td colspan="3"><div class="stacktrace">org.openqa.selenium.SessionNotCreatedException: session not created: This version of ChromeDriver only supports Chrome version 97
Current browser version is 99.0.4844.51 with binary path C:\Program Files\Google\Chrome\Application\chrome.exe
Build info: version: &apos;3.141.59&apos;, revision: &apos;e82be7d358&apos;, time: &apos;2018-11-14T08:17:03&apos;
System info: host: &apos;NAWAZ-LAPTOP&apos;, ip: &apos;192.168.1.104&apos;, os.name: &apos;Windows 10&apos;, os.arch: &apos;amd64&apos;, os.version: &apos;10.0&apos;, java.version: &apos;17.0.2&apos;
Driver info: driver.version: ChromeDriver
remote stacktrace: Backtrace:
	Ordinal0 [0x0101FDC3+2555331]
	Ordinal0 [0x00FB77F1+2127857]
	Ordinal0 [0x00EB2E08+1060360]
	Ordinal0 [0x00ED19CA+1186250]
	Ordinal0 [0x00ECD825+1169445]
	Ordinal0 [0x00ECAFC1+1159105]
	Ordinal0 [0x00EFC22F+1360431]
	Ordinal0 [0x00EFBE9A+1359514]
	Ordinal0 [0x00EF7976+1341814]
	Ordinal0 [0x00ED36B6+1193654]
	Ordinal0 [0x00ED4546+1197382]
	GetHandleVerifier [0x011B9622+1619522]
	GetHandleVerifier [0x0126882C+2336844]
	GetHandleVerifier [0x010B23E1+541697]
	GetHandleVerifier [0x010B1443+537699]
	Ordinal0 [0x00FBD18E+2150798]
	Ordinal0 [0x00FC1518+2168088]
	Ordinal0 [0x00FC1660+2168416]
	Ordinal0 [0x00FCB330+2208560]
	BaseThreadInitThunk [0x7783FA29+25]
	RtlGetAppContainerNamedObjectPath [0x77A17A9E+286]
	RtlGetAppContainerNamedObjectPath [0x77A17A6E+238]

	at org.openqa.selenium.remote.W3CHandshakeResponse.lambda$errorHandler$0(W3CHandshakeResponse.java:62)
	at org.openqa.selenium.remote.HandshakeResponse.lambda$getResponseFunction$0(HandshakeResponse.java:30)
	at org.openqa.selenium.remote.ProtocolHandshake.lambda$createSession$0(ProtocolHandshake.java:126)
	at java.base/java.util.stream.ReferencePipeline$3$1.accept(ReferencePipeline.java:197)
	at java.base/java.util.Spliterators$ArraySpliterator.tryAdvance(Spliterators.java:1002)
	at java.base/java.util.stream.ReferencePipeline.forEachWithCancel(ReferencePipeline.java:129)
	at java.base/java.util.stream.AbstractPipeline.copyIntoWithCancel(AbstractPipeline.java:527)
	at java.base/java.util.stream.AbstractPipeline.copyInto(AbstractPipeline.java:513)
	at java.base/java.util.stream.AbstractPipeline.wrapAndCopyInto(AbstractPipeline.java:499)
	at java.base/java.util.stream.FindOps$FindOp.evaluateSequential(FindOps.java:150)
	at java.base/java.util.stream.AbstractPipeline.evaluate(AbstractPipeline.java:234)
	at java.base/java.util.stream.ReferencePipeline.findFirst(ReferencePipeline.java:647)
	at org.openqa.selenium.remote.ProtocolHandshake.createSession(ProtocolHandshake.java:128)
	at org.openqa.selenium.remote.ProtocolHandshake.createSession(ProtocolHandshake.java:74)
	at org.openqa.selenium.remote.HttpCommandExecutor.execute(HttpCommandExecutor.java:136)
	at org.openqa.selenium.remote.service.DriverCommandExecutor.execute(DriverCommandExecutor.java:83)
	at org.openqa.selenium.remote.RemoteWebDriver.execute(RemoteWebDriver.java:552)
	at org.openqa.selenium.remote.RemoteWebDriver.startSession(RemoteWebDriver.java:213)
	at org.openqa.selenium.remote.RemoteWebDriver.&lt;init&gt;(RemoteWebDriver.java:131)
	at org.openqa.selenium.chrome.ChromeDriver.&lt;init&gt;(ChromeDriver.java:181)
	at org.openqa.selenium.chrome.ChromeDriver.&lt;init&gt;(ChromeDriver.java:168)
	at org.openqa.selenium.chrome.ChromeDriver.&lt;init&gt;(ChromeDriver.java:123)
	at resources.base.initializeDriver(base.java:32)
	at Academy.HomePage.initialize(HomePage.java:28)
... Removed 29 stack frames</div></td></tr></table><p class="totop"><a href="#summary">back to summary</a></p>
<h2>Validating title in the Page</h2><h3 id="m4">Academy.validateTitle#initialize</h3><table class="result"><tr><th>Exception</th></tr><tr><td><div class="stacktrace">org.openqa.selenium.SessionNotCreatedException: session not created: This version of ChromeDriver only supports Chrome version 97
Current browser version is 99.0.4844.51 with binary path C:\Program Files\Google\Chrome\Application\chrome.exe
Build info: version: &apos;3.141.59&apos;, revision: &apos;e82be7d358&apos;, time: &apos;2018-11-14T08:17:03&apos;
System info: host: &apos;NAWAZ-LAPTOP&apos;, ip: &apos;192.168.1.104&apos;, os.name: &apos;Windows 10&apos;, os.arch: &apos;amd64&apos;, os.version: &apos;10.0&apos;, java.version: &apos;17.0.2&apos;
Driver info: driver.version: ChromeDriver
remote stacktrace: Backtrace:
	Ordinal0 [0x0101FDC3+2555331]
	Ordinal0 [0x00FB77F1+2127857]
	Ordinal0 [0x00EB2E08+1060360]
	Ordinal0 [0x00ED19CA+1186250]
	Ordinal0 [0x00ECD825+1169445]
	Ordinal0 [0x00ECAFC1+1159105]
	Ordinal0 [0x00EFC22F+1360431]
	Ordinal0 [0x00EFBE9A+1359514]
	Ordinal0 [0x00EF7976+1341814]
	Ordinal0 [0x00ED36B6+1193654]
	Ordinal0 [0x00ED4546+1197382]
	GetHandleVerifier [0x011B9622+1619522]
	GetHandleVerifier [0x0126882C+2336844]
	GetHandleVerifier [0x010B23E1+541697]
	GetHandleVerifier [0x010B1443+537699]
	Ordinal0 [0x00FBD18E+2150798]
	Ordinal0 [0x00FC1518+2168088]
	Ordinal0 [0x00FC1660+2168416]
	Ordinal0 [0x00FCB330+2208560]
	BaseThreadInitThunk [0x7783FA29+25]
	RtlGetAppContainerNamedObjectPath [0x77A17A9E+286]
	RtlGetAppContainerNamedObjectPath [0x77A17A6E+238]

	at org.openqa.selenium.remote.W3CHandshakeResponse.lambda$errorHandler$0(W3CHandshakeResponse.java:62)
	at org.openqa.selenium.remote.HandshakeResponse.lambda$getResponseFunction$0(HandshakeResponse.java:30)
	at org.openqa.selenium.remote.ProtocolHandshake.lambda$createSession$0(ProtocolHandshake.java:126)
	at java.base/java.util.stream.ReferencePipeline$3$1.accept(ReferencePipeline.java:197)
	at java.base/java.util.Spliterators$ArraySpliterator.tryAdvance(Spliterators.java:1002)
	at java.base/java.util.stream.ReferencePipeline.forEachWithCancel(ReferencePipeline.java:129)
	at java.base/java.util.stream.AbstractPipeline.copyIntoWithCancel(AbstractPipeline.java:527)
	at java.base/java.util.stream.AbstractPipeline.copyInto(AbstractPipeline.java:513)
	at java.base/java.util.stream.AbstractPipeline.wrapAndCopyInto(AbstractPipeline.java:499)
	at java.base/java.util.stream.FindOps$FindOp.evaluateSequential(FindOps.java:150)
	at java.base/java.util.stream.AbstractPipeline.evaluate(AbstractPipeline.java:234)
	at java.base/java.util.stream.ReferencePipeline.findFirst(ReferencePipeline.java:647)
	at org.openqa.selenium.remote.ProtocolHandshake.createSession(ProtocolHandshake.java:128)
	at org.openqa.selenium.remote.ProtocolHandshake.createSession(ProtocolHandshake.java:74)
	at org.openqa.selenium.remote.HttpCommandExecutor.execute(HttpCommandExecutor.java:136)
	at org.openqa.selenium.remote.service.DriverCommandExecutor.execute(DriverCommandExecutor.java:83)
	at org.openqa.selenium.remote.RemoteWebDriver.execute(RemoteWebDriver.java:552)
	at org.openqa.selenium.remote.RemoteWebDriver.startSession(RemoteWebDriver.java:213)
	at org.openqa.selenium.remote.RemoteWebDriver.&lt;init&gt;(RemoteWebDriver.java:131)
	at org.openqa.selenium.chrome.ChromeDriver.&lt;init&gt;(ChromeDriver.java:181)
	at org.openqa.selenium.chrome.ChromeDriver.&lt;init&gt;(ChromeDriver.java:168)
	at org.openqa.selenium.chrome.ChromeDriver.&lt;init&gt;(ChromeDriver.java:123)
	at resources.base.initializeDriver(base.java:32)
	at Academy.validateTitle.initialize(validateTitle.java:28)
... Removed 29 stack frames</div></td></tr></table><p class="totop"><a href="#summary">back to summary</a></p>
<h3 id="m5">Academy.validateTitle#teardown</h3><table class="result"><tr><th class="invisible"/></tr></table><p class="totop"><a href="#summary">back to summary</a></p>
<h3 id="m6">Academy.validateTitle#validateAppTitle</h3><table class="result"><tr><th>Exception</th></tr><tr><td><div class="stacktrace">org.openqa.selenium.SessionNotCreatedException: session not created: This version of ChromeDriver only supports Chrome version 97
Current browser version is 99.0.4844.51 with binary path C:\Program Files\Google\Chrome\Application\chrome.exe
Build info: version: &apos;3.141.59&apos;, revision: &apos;e82be7d358&apos;, time: &apos;2018-11-14T08:17:03&apos;
System info: host: &apos;NAWAZ-LAPTOP&apos;, ip: &apos;192.168.1.104&apos;, os.name: &apos;Windows 10&apos;, os.arch: &apos;amd64&apos;, os.version: &apos;10.0&apos;, java.version: &apos;17.0.2&apos;
Driver info: driver.version: ChromeDriver
remote stacktrace: Backtrace:
	Ordinal0 [0x0101FDC3+2555331]
	Ordinal0 [0x00FB77F1+2127857]
	Ordinal0 [0x00EB2E08+1060360]
	Ordinal0 [0x00ED19CA+1186250]
	Ordinal0 [0x00ECD825+1169445]
	Ordinal0 [0x00ECAFC1+1159105]
	Ordinal0 [0x00EFC22F+1360431]
	Ordinal0 [0x00EFBE9A+1359514]
	Ordinal0 [0x00EF7976+1341814]
	Ordinal0 [0x00ED36B6+1193654]
	Ordinal0 [0x00ED4546+1197382]
	GetHandleVerifier [0x011B9622+1619522]
	GetHandleVerifier [0x0126882C+2336844]
	GetHandleVerifier [0x010B23E1+541697]
	GetHandleVerifier [0x010B1443+537699]
	Ordinal0 [0x00FBD18E+2150798]
	Ordinal0 [0x00FC1518+2168088]
	Ordinal0 [0x00FC1660+2168416]
	Ordinal0 [0x00FCB330+2208560]
	BaseThreadInitThunk [0x7783FA29+25]
	RtlGetAppContainerNamedObjectPath [0x77A17A9E+286]
	RtlGetAppContainerNamedObjectPath [0x77A17A6E+238]

	at org.openqa.selenium.remote.W3CHandshakeResponse.lambda$errorHandler$0(W3CHandshakeResponse.java:62)
	at org.openqa.selenium.remote.HandshakeResponse.lambda$getResponseFunction$0(HandshakeResponse.java:30)
	at org.openqa.selenium.remote.ProtocolHandshake.lambda$createSession$0(ProtocolHandshake.java:126)
	at java.base/java.util.stream.ReferencePipeline$3$1.accept(ReferencePipeline.java:197)
	at java.base/java.util.Spliterators$ArraySpliterator.tryAdvance(Spliterators.java:1002)
	at java.base/java.util.stream.ReferencePipeline.forEachWithCancel(ReferencePipeline.java:129)
	at java.base/java.util.stream.AbstractPipeline.copyIntoWithCancel(AbstractPipeline.java:527)
	at java.base/java.util.stream.AbstractPipeline.copyInto(AbstractPipeline.java:513)
	at java.base/java.util.stream.AbstractPipeline.wrapAndCopyInto(AbstractPipeline.java:499)
	at java.base/java.util.stream.FindOps$FindOp.evaluateSequential(FindOps.java:150)
	at java.base/java.util.stream.AbstractPipeline.evaluate(AbstractPipeline.java:234)
	at java.base/java.util.stream.ReferencePipeline.findFirst(ReferencePipeline.java:647)
	at org.openqa.selenium.remote.ProtocolHandshake.createSession(ProtocolHandshake.java:128)
	at org.openqa.selenium.remote.ProtocolHandshake.createSession(ProtocolHandshake.java:74)
	at org.openqa.selenium.remote.HttpCommandExecutor.execute(HttpCommandExecutor.java:136)
	at org.openqa.selenium.remote.service.DriverCommandExecutor.execute(DriverCommandExecutor.java:83)
	at org.openqa.selenium.remote.RemoteWebDriver.execute(RemoteWebDriver.java:552)
	at org.openqa.selenium.remote.RemoteWebDriver.startSession(RemoteWebDriver.java:213)
	at org.openqa.selenium.remote.RemoteWebDriver.&lt;init&gt;(RemoteWebDriver.java:131)
	at org.openqa.selenium.chrome.ChromeDriver.&lt;init&gt;(ChromeDriver.java:181)
	at org.openqa.selenium.chrome.ChromeDriver.&lt;init&gt;(ChromeDriver.java:168)
	at org.openqa.selenium.chrome.ChromeDriver.&lt;init&gt;(ChromeDriver.java:123)
	at resources.base.initializeDriver(base.java:32)
	at Academy.validateTitle.initialize(validateTitle.java:28)
... Removed 29 stack frames</div></td></tr></table><p class="totop"><a href="#summary">back to summary</a></p>
<h2>App Testing</h2><h2>Validating navigation Bar</h2><h3 id="m7">Academy.validateNavigationBar#initialize</h3><table class="result"><tr><th>Exception</th></tr><tr><td><div class="stacktrace">org.openqa.selenium.SessionNotCreatedException: session not created: This version of ChromeDriver only supports Chrome version 97
Current browser version is 99.0.4844.51 with binary path C:\Program Files\Google\Chrome\Application\chrome.exe
Build info: version: &apos;3.141.59&apos;, revision: &apos;e82be7d358&apos;, time: &apos;2018-11-14T08:17:03&apos;
System info: host: &apos;NAWAZ-LAPTOP&apos;, ip: &apos;192.168.1.104&apos;, os.name: &apos;Windows 10&apos;, os.arch: &apos;amd64&apos;, os.version: &apos;10.0&apos;, java.version: &apos;17.0.2&apos;
Driver info: driver.version: ChromeDriver
remote stacktrace: Backtrace:
	Ordinal0 [0x0101FDC3+2555331]
	Ordinal0 [0x00FB77F1+2127857]
	Ordinal0 [0x00EB2E08+1060360]
	Ordinal0 [0x00ED19CA+1186250]
	Ordinal0 [0x00ECD825+1169445]
	Ordinal0 [0x00ECAFC1+1159105]
	Ordinal0 [0x00EFC22F+1360431]
	Ordinal0 [0x00EFBE9A+1359514]
	Ordinal0 [0x00EF7976+1341814]
	Ordinal0 [0x00ED36B6+1193654]
	Ordinal0 [0x00ED4546+1197382]
	GetHandleVerifier [0x011B9622+1619522]
	GetHandleVerifier [0x0126882C+2336844]
	GetHandleVerifier [0x010B23E1+541697]
	GetHandleVerifier [0x010B1443+537699]
	Ordinal0 [0x00FBD18E+2150798]
	Ordinal0 [0x00FC1518+2168088]
	Ordinal0 [0x00FC1660+2168416]
	Ordinal0 [0x00FCB330+2208560]
	BaseThreadInitThunk [0x7783FA29+25]
	RtlGetAppContainerNamedObjectPath [0x77A17A9E+286]
	RtlGetAppContainerNamedObjectPath [0x77A17A6E+238]

	at org.openqa.selenium.remote.W3CHandshakeResponse.lambda$errorHandler$0(W3CHandshakeResponse.java:62)
	at org.openqa.selenium.remote.HandshakeResponse.lambda$getResponseFunction$0(HandshakeResponse.java:30)
	at org.openqa.selenium.remote.ProtocolHandshake.lambda$createSession$0(ProtocolHandshake.java:126)
	at java.base/java.util.stream.ReferencePipeline$3$1.accept(ReferencePipeline.java:197)
	at java.base/java.util.Spliterators$ArraySpliterator.tryAdvance(Spliterators.java:1002)
	at java.base/java.util.stream.ReferencePipeline.forEachWithCancel(ReferencePipeline.java:129)
	at java.base/java.util.stream.AbstractPipeline.copyIntoWithCancel(AbstractPipeline.java:527)
	at java.base/java.util.stream.AbstractPipeline.copyInto(AbstractPipeline.java:513)
	at java.base/java.util.stream.AbstractPipeline.wrapAndCopyInto(AbstractPipeline.java:499)
	at java.base/java.util.stream.FindOps$FindOp.evaluateSequential(FindOps.java:150)
	at java.base/java.util.stream.AbstractPipeline.evaluate(AbstractPipeline.java:234)
	at java.base/java.util.stream.ReferencePipeline.findFirst(ReferencePipeline.java:647)
	at org.openqa.selenium.remote.ProtocolHandshake.createSession(ProtocolHandshake.java:128)
	at org.openqa.selenium.remote.ProtocolHandshake.createSession(ProtocolHandshake.java:74)
	at org.openqa.selenium.remote.HttpCommandExecutor.execute(HttpCommandExecutor.java:136)
	at org.openqa.selenium.remote.service.DriverCommandExecutor.execute(DriverCommandExecutor.java:83)
	at org.openqa.selenium.remote.RemoteWebDriver.execute(RemoteWebDriver.java:552)
	at org.openqa.selenium.remote.RemoteWebDriver.startSession(RemoteWebDriver.java:213)
	at org.openqa.selenium.remote.RemoteWebDriver.&lt;init&gt;(RemoteWebDriver.java:131)
	at org.openqa.selenium.chrome.ChromeDriver.&lt;init&gt;(ChromeDriver.java:181)
	at org.openqa.selenium.chrome.ChromeDriver.&lt;init&gt;(ChromeDriver.java:168)
	at org.openqa.selenium.chrome.ChromeDriver.&lt;init&gt;(ChromeDriver.java:123)
	at resources.base.initializeDriver(base.java:32)
	at Academy.validateNavigationBar.initialize(validateNavigationBar.java:32)
... Removed 29 stack frames</div></td></tr></table><p class="totop"><a href="#summary">back to summary</a></p>
<h3 id="m8">Academy.validateNavigationBar#teardown</h3><table class="result"><tr><th class="invisible"/></tr></table><p class="totop"><a href="#summary">back to summary</a></p>
<h3 id="m9">Academy.validateNavigationBar#validateAppNavBar</h3><table class="result"><tr><th>Exception</th></tr><tr><td><div class="stacktrace">org.openqa.selenium.SessionNotCreatedException: session not created: This version of ChromeDriver only supports Chrome version 97
Current browser version is 99.0.4844.51 with binary path C:\Program Files\Google\Chrome\Application\chrome.exe
Build info: version: &apos;3.141.59&apos;, revision: &apos;e82be7d358&apos;, time: &apos;2018-11-14T08:17:03&apos;
System info: host: &apos;NAWAZ-LAPTOP&apos;, ip: &apos;192.168.1.104&apos;, os.name: &apos;Windows 10&apos;, os.arch: &apos;amd64&apos;, os.version: &apos;10.0&apos;, java.version: &apos;17.0.2&apos;
Driver info: driver.version: ChromeDriver
remote stacktrace: Backtrace:
	Ordinal0 [0x0101FDC3+2555331]
	Ordinal0 [0x00FB77F1+2127857]
	Ordinal0 [0x00EB2E08+1060360]
	Ordinal0 [0x00ED19CA+1186250]
	Ordinal0 [0x00ECD825+1169445]
	Ordinal0 [0x00ECAFC1+1159105]
	Ordinal0 [0x00EFC22F+1360431]
	Ordinal0 [0x00EFBE9A+1359514]
	Ordinal0 [0x00EF7976+1341814]
	Ordinal0 [0x00ED36B6+1193654]
	Ordinal0 [0x00ED4546+1197382]
	GetHandleVerifier [0x011B9622+1619522]
	GetHandleVerifier [0x0126882C+2336844]
	GetHandleVerifier [0x010B23E1+541697]
	GetHandleVerifier [0x010B1443+537699]
	Ordinal0 [0x00FBD18E+2150798]
	Ordinal0 [0x00FC1518+2168088]
	Ordinal0 [0x00FC1660+2168416]
	Ordinal0 [0x00FCB330+2208560]
	BaseThreadInitThunk [0x7783FA29+25]
	RtlGetAppContainerNamedObjectPath [0x77A17A9E+286]
	RtlGetAppContainerNamedObjectPath [0x77A17A6E+238]

	at org.openqa.selenium.remote.W3CHandshakeResponse.lambda$errorHandler$0(W3CHandshakeResponse.java:62)
	at org.openqa.selenium.remote.HandshakeResponse.lambda$getResponseFunction$0(HandshakeResponse.java:30)
	at org.openqa.selenium.remote.ProtocolHandshake.lambda$createSession$0(ProtocolHandshake.java:126)
	at java.base/java.util.stream.ReferencePipeline$3$1.accept(ReferencePipeline.java:197)
	at java.base/java.util.Spliterators$ArraySpliterator.tryAdvance(Spliterators.java:1002)
	at java.base/java.util.stream.ReferencePipeline.forEachWithCancel(ReferencePipeline.java:129)
	at java.base/java.util.stream.AbstractPipeline.copyIntoWithCancel(AbstractPipeline.java:527)
	at java.base/java.util.stream.AbstractPipeline.copyInto(AbstractPipeline.java:513)
	at java.base/java.util.stream.AbstractPipeline.wrapAndCopyInto(AbstractPipeline.java:499)
	at java.base/java.util.stream.FindOps$FindOp.evaluateSequential(FindOps.java:150)
	at java.base/java.util.stream.AbstractPipeline.evaluate(AbstractPipeline.java:234)
	at java.base/java.util.stream.ReferencePipeline.findFirst(ReferencePipeline.java:647)
	at org.openqa.selenium.remote.ProtocolHandshake.createSession(ProtocolHandshake.java:128)
	at org.openqa.selenium.remote.ProtocolHandshake.createSession(ProtocolHandshake.java:74)
	at org.openqa.selenium.remote.HttpCommandExecutor.execute(HttpCommandExecutor.java:136)
	at org.openqa.selenium.remote.service.DriverCommandExecutor.execute(DriverCommandExecutor.java:83)
	at org.openqa.selenium.remote.RemoteWebDriver.execute(RemoteWebDriver.java:552)
	at org.openqa.selenium.remote.RemoteWebDriver.startSession(RemoteWebDriver.java:213)
	at org.openqa.selenium.remote.RemoteWebDriver.&lt;init&gt;(RemoteWebDriver.java:131)
	at org.openqa.selenium.chrome.ChromeDriver.&lt;init&gt;(ChromeDriver.java:181)
	at org.openqa.selenium.chrome.ChromeDriver.&lt;init&gt;(ChromeDriver.java:168)
	at org.openqa.selenium.chrome.ChromeDriver.&lt;init&gt;(ChromeDriver.java:123)
	at resources.base.initializeDriver(base.java:32)
	at Academy.validateNavigationBar.initialize(validateNavigationBar.java:32)
... Removed 29 stack frames</div></td></tr></table><p class="totop"><a href="#summary">back to summary</a></p>
</body>
</html>
